c:\users\vladislav\desktop\tashkentvv_smit_1\bsit1\client\x64\debug\vc143.pdb
c:\users\vladislav\desktop\tashkentvv_smit_1\bsit1\client\x64\debug\vc143.idb
c:\users\vladislav\desktop\tashkentvv_smit_1\bsit1\client\x64\debug\example1_c.obj
c:\users\vladislav\desktop\tashkentvv_smit_1\bsit1\client\x64\debug\client.obj
c:\users\vladislav\desktop\tashkentvv_smit_1\bsit1\client\example1_c.c
c:\users\vladislav\desktop\tashkentvv_smit_1\bsit1\client\example1_s.c
c:\users\vladislav\desktop\tashkentvv_smit_1\bsit1\client\example1_h.h
c:\users\vladislav\desktop\tashkentvv_smit_1\bsit1\client\x64\debug\client.pdb
c:\users\vladislav\desktop\tashkentvv_smit_1\bsit1\client\x64\debug\client.tlog\cl.command.1.tlog
c:\users\vladislav\desktop\tashkentvv_smit_1\bsit1\client\x64\debug\client.tlog\cl.read.1.tlog
c:\users\vladislav\desktop\tashkentvv_smit_1\bsit1\client\x64\debug\client.tlog\cl.write.1.tlog
c:\users\vladislav\desktop\tashkentvv_smit_1\bsit1\client\x64\debug\client.tlog\link-cvtres.read.1.tlog
c:\users\vladislav\desktop\tashkentvv_smit_1\bsit1\client\x64\debug\client.tlog\link-cvtres.write.1.tlog
c:\users\vladislav\desktop\tashkentvv_smit_1\bsit1\client\x64\debug\client.tlog\link-rc.read.1.tlog
c:\users\vladislav\desktop\tashkentvv_smit_1\bsit1\client\x64\debug\client.tlog\link-rc.write.1.tlog
c:\users\vladislav\desktop\tashkentvv_smit_1\bsit1\client\x64\debug\client.tlog\link.command.1.tlog
c:\users\vladislav\desktop\tashkentvv_smit_1\bsit1\client\x64\debug\client.tlog\link.read.1.tlog
c:\users\vladislav\desktop\tashkentvv_smit_1\bsit1\client\x64\debug\client.tlog\link.read.3.tlog
c:\users\vladislav\desktop\tashkentvv_smit_1\bsit1\client\x64\debug\client.tlog\link.write.1.tlog
c:\users\vladislav\desktop\tashkentvv_smit_1\bsit1\client\x64\debug\client.tlog\midl.command.1.tlog
c:\users\vladislav\desktop\tashkentvv_smit_1\bsit1\client\x64\debug\client.tlog\midl.read.1.tlog
c:\users\vladislav\desktop\tashkentvv_smit_1\bsit1\client\x64\debug\client.tlog\midl.write.1.tlog
