c:\users\vladislav\desktop\tashkentvv_smit_1\bsit1\tashkentvv_smit_1_server\debug\vc143.pdb
c:\users\vladislav\desktop\tashkentvv_smit_1\bsit1\tashkentvv_smit_1_server\debug\vc143.idb
c:\users\vladislav\desktop\tashkentvv_smit_1\bsit1\tashkentvv_smit_1_server\debug\source.obj
c:\users\vladislav\desktop\tashkentvv_smit_1\bsit1\tashkentvv_smit_1_server\debug\example1_s.obj
c:\users\vladislav\desktop\tashkentvv_smit_1\bsit1\tashkentvv_smit_1_server\example1_c.c
c:\users\vladislav\desktop\tashkentvv_smit_1\bsit1\tashkentvv_smit_1_server\example1_s.c
c:\users\vladislav\desktop\tashkentvv_smit_1\bsit1\tashkentvv_smit_1_server\example1_h.h
c:\users\vladislav\desktop\tashkentvv_smit_1\bsit1\tashkentvv_smit_1_server\debug\tashkentvv_smit_1_server.pdb
c:\users\vladislav\desktop\tashkentvv_smit_1\bsit1\tashkentvv_smit_1_server\debug\tashkent.7dd37339.tlog\cl.command.1.tlog
c:\users\vladislav\desktop\tashkentvv_smit_1\bsit1\tashkentvv_smit_1_server\debug\tashkent.7dd37339.tlog\cl.read.1.tlog
c:\users\vladislav\desktop\tashkentvv_smit_1\bsit1\tashkentvv_smit_1_server\debug\tashkent.7dd37339.tlog\cl.write.1.tlog
c:\users\vladislav\desktop\tashkentvv_smit_1\bsit1\tashkentvv_smit_1_server\debug\tashkent.7dd37339.tlog\link-cvtres.read.1.tlog
c:\users\vladislav\desktop\tashkentvv_smit_1\bsit1\tashkentvv_smit_1_server\debug\tashkent.7dd37339.tlog\link-cvtres.write.1.tlog
c:\users\vladislav\desktop\tashkentvv_smit_1\bsit1\tashkentvv_smit_1_server\debug\tashkent.7dd37339.tlog\link-rc.read.1.tlog
c:\users\vladislav\desktop\tashkentvv_smit_1\bsit1\tashkentvv_smit_1_server\debug\tashkent.7dd37339.tlog\link-rc.write.1.tlog
c:\users\vladislav\desktop\tashkentvv_smit_1\bsit1\tashkentvv_smit_1_server\debug\tashkent.7dd37339.tlog\link.command.1.tlog
c:\users\vladislav\desktop\tashkentvv_smit_1\bsit1\tashkentvv_smit_1_server\debug\tashkent.7dd37339.tlog\link.read.1.tlog
c:\users\vladislav\desktop\tashkentvv_smit_1\bsit1\tashkentvv_smit_1_server\debug\tashkent.7dd37339.tlog\link.write.1.tlog
c:\users\vladislav\desktop\tashkentvv_smit_1\bsit1\tashkentvv_smit_1_server\debug\tashkent.7dd37339.tlog\midl.command.1.tlog
c:\users\vladislav\desktop\tashkentvv_smit_1\bsit1\tashkentvv_smit_1_server\debug\tashkent.7dd37339.tlog\midl.read.1.tlog
c:\users\vladislav\desktop\tashkentvv_smit_1\bsit1\tashkentvv_smit_1_server\debug\tashkent.7dd37339.tlog\midl.write.1.tlog
