D:\YandexDisk\Cloud_D\Programs\Microsoft Visual Studio\MSBuild\Microsoft\VC\v170\Microsoft.CppClean.targets(77,5): warning : Процесс не может получить доступ к файлу "c:\users\vladislav\desktop\example1_client\example1_h.h", так как этот файл используется другим процессом.
  64 bit Processing .\Example1.idl
  Example1.idl
  64 bit Processing C:\Program Files (x86)\Windows Kits\10\Include\10.0.22000.0\um\oaidl.idl
  oaidl.idl
  64 bit Processing C:\Program Files (x86)\Windows Kits\10\Include\10.0.22000.0\um\objidl.idl
  objidl.idl
  64 bit Processing C:\Program Files (x86)\Windows Kits\10\Include\10.0.22000.0\um\unknwn.idl
  unknwn.idl
  64 bit Processing C:\Program Files (x86)\Windows Kits\10\Include\10.0.22000.0\shared\wtypes.idl
  wtypes.idl
  64 bit Processing C:\Program Files (x86)\Windows Kits\10\Include\10.0.22000.0\shared\wtypesbase.idl
  wtypesbase.idl
  64 bit Processing C:\Program Files (x86)\Windows Kits\10\Include\10.0.22000.0\shared\basetsd.h
  basetsd.h
  64 bit Processing C:\Program Files (x86)\Windows Kits\10\Include\10.0.22000.0\shared\guiddef.h
  guiddef.h
  64 bit Processing C:\Program Files (x86)\Windows Kits\10\Include\10.0.22000.0\um\ocidl.idl
  ocidl.idl
  64 bit Processing C:\Program Files (x86)\Windows Kits\10\Include\10.0.22000.0\um\oleidl.idl
  oleidl.idl
  64 bit Processing C:\Program Files (x86)\Windows Kits\10\Include\10.0.22000.0\um\servprov.idl
  servprov.idl
  64 bit Processing C:\Program Files (x86)\Windows Kits\10\Include\10.0.22000.0\um\urlmon.idl
  urlmon.idl
  64 bit Processing C:\Program Files (x86)\Windows Kits\10\Include\10.0.22000.0\um\msxml.idl
  msxml.idl
  64 bit Processing C:\Program Files (x86)\Windows Kits\10\Include\10.0.22000.0\um\oaidl.acf
  oaidl.acf
  64 bit Processing C:\Program Files (x86)\Windows Kits\10\Include\10.0.22000.0\um\ocidl.acf
  ocidl.acf
  Client.cpp
  Example1_c.c
  Example1_Client.vcxproj -> C:\Users\Vladislav\Desktop\Example1_Client\x64\Debug\Example1_Client.exe
