c:\users\vladislav\desktop\tashkentvv_smit_1\bsit1\server\x64\debug\vc143.pdb
c:\users\vladislav\desktop\tashkentvv_smit_1\bsit1\server\x64\debug\vc143.idb
c:\users\vladislav\desktop\tashkentvv_smit_1\bsit1\server\x64\debug\server.obj
c:\users\vladislav\desktop\tashkentvv_smit_1\bsit1\server\x64\debug\source_s.obj
c:\users\vladislav\desktop\tashkentvv_smit_1\bsit1\server\x64\debug\server.ilk
c:\users\vladislav\desktop\tashkentvv_smit_1\bsit1\server\x64\debug\server.exe
c:\users\vladislav\desktop\tashkentvv_smit_1\bsit1\server\x64\debug\server.pdb
c:\users\vladislav\desktop\tashkentvv_smit_1\bsit1\server\source_c.c
c:\users\vladislav\desktop\tashkentvv_smit_1\bsit1\server\source_s.c
c:\users\vladislav\desktop\tashkentvv_smit_1\bsit1\server\source_h.h
c:\users\vladislav\desktop\новая папка\bsit1\server\x64\debug\server.obj
c:\users\vladislav\desktop\новая папка\bsit1\server\x64\debug\source_s.obj
c:\users\vladislav\desktop\новая папка\bsit1\server\x64\debug\server.ilk
c:\users\vladislav\desktop\новая папка\bsit1\server\x64\debug\vc143.idb
c:\users\vladislav\desktop\новая папка\bsit1\server\x64\debug\server.pdb
c:\users\vladislav\desktop\новая папка\bsit1\server\x64\debug\vc143.pdb
c:\users\vladislav\desktop\новая папка\bsit1\server\x64\debug\server.exe
c:\users\vladislav\desktop\новая папка\bsit1\server\x64\debug\server.tlog\cl.command.1.tlog
c:\users\vladislav\desktop\новая папка\bsit1\server\x64\debug\server.tlog\cl.read.1.tlog
c:\users\vladislav\desktop\новая папка\bsit1\server\x64\debug\server.tlog\cl.write.1.tlog
c:\users\vladislav\desktop\новая папка\bsit1\server\x64\debug\server.tlog\link.command.1.tlog
c:\users\vladislav\desktop\новая папка\bsit1\server\x64\debug\server.tlog\link.read.1.tlog
c:\users\vladislav\desktop\новая папка\bsit1\server\x64\debug\server.tlog\link.write.1.tlog
c:\users\vladislav\desktop\новая папка\bsit1\server\x64\debug\server.tlog\midl.command.1.tlog
c:\users\vladislav\desktop\новая папка\bsit1\server\x64\debug\server.tlog\midl.read.1.tlog
c:\users\vladislav\desktop\новая папка\bsit1\server\x64\debug\server.tlog\midl.write.1.tlog
